Using pre-set license
Built from '2020.3/staging' branch; Version is '2020.3.33f1 (915a7af8b0d5) revision 9525882'; Using compiler version '192528614'; Build Type 'Release'
OS: 'Windows 11  (10.0.22000) 64bit Professional' Language: 'fr' Physical Memory: 16295 MB
BatchMode: 1, IsHumanControllingUs: 0, StartBugReporterOnCrash: 0, Is64bit: 1, IsPro: 0

COMMAND LINE ARGUMENTS:
C:\Program Files\Unity\Hub\Editor\2020.3.33f1\Editor\Unity.exe
-adb2
-batchMode
-noUpm
-name
AssetImportWorker0
-projectPath
C:/Users/joris/Documents/GitHub/PokeProf/pokeprof
-logFile
Logs/AssetImportWorker0.log
-srvPort
55559
Successfully changed project path to: C:/Users/joris/Documents/GitHub/PokeProf/pokeprof
C:/Users/joris/Documents/GitHub/PokeProf/pokeprof
Using Asset Import Pipeline V2.
Refreshing native plugins compatible for Editor in 72.74 ms, found 3 plugins.
Preloading 0 native plugins for Editor in 0.00 ms.
Initialize engine version: 2020.3.33f1 (915a7af8b0d5)
[Subsystems] Discovering subsystems at path C:/Program Files/Unity/Hub/Editor/2020.3.33f1/Editor/Data/Resources/UnitySubsystems
[Subsystems] Discovering subsystems at path C:/Users/joris/Documents/GitHub/PokeProf/pokeprof/Assets
GfxDevice: creating device client; threaded=0
Direct3D:
    Version:  Direct3D 11.0 [level 11.1]
    Renderer: AMD Radeon RX 5700 XT (ID=0x731f)
    Vendor:   
    VRAM:     8151 MB
    Driver:   30.0.15002.1004
Initialize mono
Mono path[0] = 'C:/Program Files/Unity/Hub/Editor/2020.3.33f1/Editor/Data/Managed'
Mono path[1] = 'C:/Program Files/Unity/Hub/Editor/2020.3.33f1/Editor/Data/MonoBleedingEdge/lib/mono/unityjit'
Mono config path = 'C:/Program Files/Unity/Hub/Editor/2020.3.33f1/Editor/Data/MonoBleedingEdge/etc'
Using monoOptions --debugger-agent=transport=dt_socket,embedding=1,server=y,suspend=n,address=127.0.0.1:56984
Begin MonoManager ReloadAssembly
Registering precompiled unity dll's ...
Register platform support module: C:/Program Files/Unity/Hub/Editor/2020.3.33f1/Editor/Data/PlaybackEngines/WindowsStandaloneSupport/UnityEditor.WindowsStandalone.Extensions.dll
Registered in 0.001433 seconds.
Native extension for WindowsStandalone target not found
Refreshing native plugins compatible for Editor in 72.70 ms, found 3 plugins.
Preloading 0 native plugins for Editor in 0.00 ms.
Mono: successfully reloaded assembly
- Completed reload, in  0.550 seconds
Domain Reload Profiling:
	ReloadAssembly (550ms)
		BeginReloadAssembly (52ms)
			ExecutionOrderSort (0ms)
			DisableScriptedObjects (0ms)
			BackupInstance (0ms)
			ReleaseScriptingObjects (0ms)
			CreateAndSetChildDomain (1ms)
		EndReloadAssembly (434ms)
			LoadAssemblies (51ms)
			RebuildTransferFunctionScriptingTraits (0ms)
			SetupTypeCache (130ms)
			ReleaseScriptCaches (0ms)
			RebuildScriptCaches (26ms)
			SetupLoadedEditorAssemblies (183ms)
				LogAssemblyErrors (0ms)
				InitializePlatformSupportModulesInManaged (4ms)
				SetLoadedEditorAssemblies (0ms)
				RefreshPlugins (73ms)
				BeforeProcessingInitializeOnLoad (7ms)
				ProcessInitializeOnLoadAttributes (73ms)
				ProcessInitializeOnLoadMethodAttributes (26ms)
				AfterProcessingInitializeOnLoad (0ms)
				EditorAssembliesLoaded (0ms)
			ExecutionOrderSort2 (0ms)
			AwakeInstancesAfterBackupRestoration (0ms)
Platform modules already initialized, skipping
Registering precompiled user dll's ...
Registered in 0.004238 seconds.
Begin MonoManager ReloadAssembly
Native extension for WindowsStandalone target not found
Refreshing native plugins compatible for Editor in 72.29 ms, found 3 plugins.
Preloading 0 native plugins for Editor in 0.00 ms.
Mono: successfully reloaded assembly
- Completed reload, in  1.098 seconds
Domain Reload Profiling:
	ReloadAssembly (1099ms)
		BeginReloadAssembly (135ms)
			ExecutionOrderSort (0ms)
			DisableScriptedObjects (4ms)
			BackupInstance (0ms)
			ReleaseScriptingObjects (0ms)
			CreateAndSetChildDomain (17ms)
		EndReloadAssembly (908ms)
			LoadAssemblies (90ms)
			RebuildTransferFunctionScriptingTraits (0ms)
			SetupTypeCache (299ms)
			ReleaseScriptCaches (1ms)
			RebuildScriptCaches (52ms)
			SetupLoadedEditorAssemblies (362ms)
				LogAssemblyErrors (0ms)
				InitializePlatformSupportModulesInManaged (3ms)
				SetLoadedEditorAssemblies (0ms)
				RefreshPlugins (72ms)
				BeforeProcessingInitializeOnLoad (87ms)
				ProcessInitializeOnLoadAttributes (181ms)
				ProcessInitializeOnLoadMethodAttributes (14ms)
				AfterProcessingInitializeOnLoad (5ms)
				EditorAssembliesLoaded (0ms)
			ExecutionOrderSort2 (0ms)
			AwakeInstancesAfterBackupRestoration (6ms)
Platform modules already initialized, skipping
========================================================================
Worker process is ready to serve import requests
Launched and connected shader compiler UnityShaderCompiler.exe after 0.04 seconds
Refreshing native plugins compatible for Editor in 0.81 ms, found 3 plugins.
Preloading 0 native plugins for Editor in 0.00 ms.
Unloading 3662 Unused Serialized files (Serialized files now loaded: 0)
System memory in use before: 159.9 MB.
System memory in use after: 160.1 MB.

Unloading 41 unused Assets to reduce memory usage. Loaded Objects now: 4087.
Total: 3.547100 ms (FindLiveObjects: 0.365300 ms CreateObjectMapping: 0.136700 ms MarkObjects: 2.976300 ms  DeleteObjects: 0.067900 ms)

AssetImportParameters requested are different than current active one (requested -> active):
  custom:framework-win-MediaFoundation: 216162199b28c13a410421893ffa2e32 -> 
  custom:video-decoder-ogg-theora: a1e56fd34408186e4bbccfd4996cb3dc -> 
  custom:container-muxer-webm: aa71ff27fc2769a1b78a27578f13a17b -> 
  custom:container-demuxer-webm: 4f35f7cbe854078d1ac9338744f61a02 -> 
  custom:container-demuxer-ogg: 62fdf1f143b41e24485cea50d1cbac27 -> 
  custom:video-encoder-webm-vp8: eb34c28f22e8b96e1ab97ce403110664 -> 
  custom:video-decoder-webm-vp8: 9c59270c3fd7afecdb556c50c9e8de78 -> 
  custom:audio-decoder-ogg-vorbis: bf7c407c2cedff20999df2af8eb42d56 -> 
  custom:audio-encoder-webm-vorbis: bf7c407c2cedff20999df2af8eb42d56 -> 
========================================================================
Received Import Request.
  path: Assets/Game/Inventory/inventory-slot.png
  artifactKey: Guid(efc5ee9b3d2fcb24f88317f16becafb1) Importer(815301076,1909f56bfc062723c751e8b465ee728b)
Start importing Assets/Game/Inventory/inventory-slot.png using Guid(efc5ee9b3d2fcb24f88317f16becafb1) Importer(815301076,1909f56bfc062723c751e8b465ee728b)  -> (artifact id: 'af079b03810683d87ff261874fb140c9') in 0.104805 seconds 
========================================================================
Received Import Request.
  Time since last request: 1520.839097 seconds.
  path: Assets/Game/Icon/bag-red-icon.png
  artifactKey: Guid(733be20b06684fd4bbe93e39806fa8f6) Importer(815301076,1909f56bfc062723c751e8b465ee728b)
Start importing Assets/Game/Icon/bag-red-icon.png using Guid(733be20b06684fd4bbe93e39806fa8f6) Importer(815301076,1909f56bfc062723c751e8b465ee728b)  -> (artifact id: '608acd89e6e0b88d90642ba6d1ef207a') in 0.013288 seconds 
========================================================================
Received Import Request.
  Time since last request: 8.378828 seconds.
  path: Assets/Game/Icon/bag-blue-icon.png
  artifactKey: Guid(92109e48d3bf6bc49af8953b98c4a416) Importer(815301076,1909f56bfc062723c751e8b465ee728b)
Start importing Assets/Game/Icon/bag-blue-icon.png using Guid(92109e48d3bf6bc49af8953b98c4a416) Importer(815301076,1909f56bfc062723c751e8b465ee728b)  -> (artifact id: '9755b5e64bcc5115d1621bd270d83506') in 0.013858 seconds 
========================================================================
Received Import Request.
  Time since last request: 8.306794 seconds.
  path: Assets/Game/Icon/bag-red-icon.png
  artifactKey: Guid(733be20b06684fd4bbe93e39806fa8f6) Importer(815301076,1909f56bfc062723c751e8b465ee728b)
Start importing Assets/Game/Icon/bag-red-icon.png using Guid(733be20b06684fd4bbe93e39806fa8f6) Importer(815301076,1909f56bfc062723c751e8b465ee728b)  -> (artifact id: '7894669d09264a0f9a1a12274b27ba65') in 0.010423 seconds 
========================================================================
Received Import Request.
  Time since last request: 10.499151 seconds.
  path: Assets/Game/Icon/bag-red-icon.png
  artifactKey: Guid(733be20b06684fd4bbe93e39806fa8f6) Importer(815301076,1909f56bfc062723c751e8b465ee728b)
Start importing Assets/Game/Icon/bag-red-icon.png using Guid(733be20b06684fd4bbe93e39806fa8f6) Importer(815301076,1909f56bfc062723c751e8b465ee728b)  -> (artifact id: '83db6c2be57d107e5624727940e1439d') in 0.012298 seconds 
AssetImportWorkerClient::OnTransportError - code=2 error=End of file
