
=== Thu Apr  7 15:23:56 2022

Packages were changed.
Update Mode: mergeDefaultDependencies

The following packages were added:
  com.unity.postprocessing@2.3.0
  com.unity.render-pipelines.universal@7.3.1

=== Fri Apr  8 15:11:34 2022

Packages were changed.
Update Mode: updateDependencies

The following packages were updated:
  com.unity.2d.animation from version 5.1.1 to 5.2.0
  com.unity.2d.psdimporter from version 4.2.0 to 4.3.0
  com.unity.2d.spriteshape from version 5.2.0 to 5.3.0

=== Mon May 16 22:34:28 2022

Packages were changed.
Update Mode: updateDependencies

The following packages were updated:
  com.unity.2d.animation from version 5.2.0 to 7.0.4
  com.unity.2d.pixel-perfect from version 4.0.1 to 5.0.1
  com.unity.2d.psdimporter from version 4.3.0 to 6.0.3
  com.unity.2d.spriteshape from version 5.3.0 to 7.0.4
  com.unity.2d.tilemap.extras from version 1.8.3-preview to 2.2.1
  com.unity.ide.rider from version 2.0.7 to 3.0.13
  com.unity.render-pipelines.universal from version 10.8.1 to 12.1.6
  com.unity.timeline from version 1.4.8 to 1.6.4
The following packages were removed:
  com.unity.device-simulator@3.0.3-preview
